2021-04-07 09:56:50.064  INFO 997 --- [XNIO-1 I/O-2] lavalink.server.io.SocketServer          : {"op": "stop", "guildId": "760067979919491074"}
2021-04-07 09:56:50.073  INFO 997 --- [XNIO-1 I/O-2] lavalink.server.io.SocketServer          : {"op": "destroy", "guildId": "760067979919491074"}
2021-04-07 10:50:11.249  INFO 997 --- [XNIO-1 I/O-2] lavalink.server.io.SocketServer          : {"op": "voiceUpdate", "guildId": "773550694845382667", "sessionId": "003c8bae2bf649d3ec17157fbfd0bffb", "event": {"token": "79a77a793a6f149d", "guild_id": "773550694845382667", "endpoint": "india2469.discord.media:443"}}
2021-04-07 10:50:15.788  INFO 997 --- [XNIO-1 task-2] l.server.player.AudioLoaderRestHandler   : Got request to load for identifier "ytsearch:tell the truth 2007"
2021-04-07 10:50:16.586  INFO 997 --- [lava-daemon-pool-info-loader-2-thread-1] lavalink.server.player.AudioLoader       : Loaded playlist Search results for: tell the truth 2007
2021-04-07 10:50:24.600  INFO 997 --- [XNIO-1 I/O-2] lavalink.server.io.SocketServer          : {"op": "play", "guildId": "773550694845382667", "track": "QAAAqgIARFRlbGxpbmcgdGhlIFRydXRoIDIwMDcgICBBcG9sbG8gSnVzdGljZSAgQWNlIEF0dG9ybmV5IE11c2ljIEV4dGVuZGVkAAxPZmZpY2lhbCBWR00AAAAAABt3QAALcjh2SlpJd1ppcEUAAQAraHR0cHM6Ly93d3cueW91dHViZS5jb20vd2F0Y2g/dj1yOHZKWkl3WmlwRQAHeW91dHViZQAAAAAAAAAA", "noReplace": false, "startTime": "0"}
2021-04-07 10:50:35.847  INFO 997 --- [XNIO-1 I/O-2] lavalink.server.io.SocketServer          : {"op": "stop", "guildId": "773550694845382667"}
2021-04-07 10:50:35.853  INFO 997 --- [XNIO-1 I/O-2] lavalink.server.io.SocketServer          : {"op": "destroy", "guildId": "773550694845382667"}
2021-04-07 10:50:37.973  INFO 997 --- [XNIO-1 I/O-2] lavalink.server.io.SocketServer          : {"op": "stop", "guildId": "773550694845382667"}
2021-04-07 10:50:37.978  INFO 997 --- [XNIO-1 I/O-2] lavalink.server.io.SocketServer          : {"op": "destroy", "guildId": "773550694845382667"}
2021-04-07 13:38:10.606  INFO 997 --- [XNIO-1 I/O-2] lavalink.server.io.SocketServer          : {"op": "voiceUpdate", "guildId": "760067979919491074", "sessionId": "003c8bae2bf649d3ec17157fbfd0bffb", "event": {"token": "e9ea39edb4e2cd20", "guild_id": "760067979919491074", "endpoint": "india5676.discord.media:443"}}
2021-04-07 13:38:16.959  INFO 997 --- [XNIO-1 task-4] l.server.player.AudioLoaderRestHandler   : Got request to load for identifier "ytsearch:the imitation game"
2021-04-07 13:38:17.838  INFO 997 --- [lava-daemon-pool-info-loader-2-thread-1] lavalink.server.player.AudioLoader       : Loaded playlist Search results for: the imitation game
2021-04-07 13:38:22.965  INFO 997 --- [XNIO-1 I/O-2] lavalink.server.io.SocketServer          : {"op": "play", "guildId": "760067979919491074", "track": "QAAAhgIAHVRoZSBJbWl0YXRpb24gR2FtZSAoRXh0ZW5kZWQpAA9QYXRyaWNrIEJlbm5ldHQAAAAAAB3FGAALQ2JQa2JVay01b00AAQAraHR0cHM6Ly93d3cueW91dHViZS5jb20vd2F0Y2g/dj1DYlBrYlVrLTVvTQAHeW91dHViZQAAAAAAAAAA", "noReplace": false, "startTime": "0"}
2021-04-07 13:38:36.757  INFO 997 --- [XNIO-1 I/O-2] lavalink.server.io.SocketServer          : {"op": "stop", "guildId": "760067979919491074"}
2021-04-07 13:38:45.898  INFO 997 --- [XNIO-1 I/O-2] lavalink.server.io.SocketServer          : {"op": "stop", "guildId": "760067979919491074"}
2021-04-07 13:38:51.198  INFO 997 --- [XNIO-1 I/O-2] lavalink.server.io.SocketServer          : {"op": "stop", "guildId": "760067979919491074"}
2021-04-07 13:38:55.842  INFO 997 --- [XNIO-1 I/O-2] lavalink.server.io.SocketServer          : {"op": "stop", "guildId": "760067979919491074"}
2021-04-07 13:39:11.954  INFO 997 --- [XNIO-1 task-6] l.server.player.AudioLoaderRestHandler   : Got request to load for identifier "ytsearch:stronger"
2021-04-07 13:39:12.734  INFO 997 --- [lava-daemon-pool-info-loader-2-thread-1] lavalink.server.player.AudioLoader       : Loaded playlist Search results for: stronger
2021-04-07 13:39:19.011  INFO 997 --- [XNIO-1 I/O-2] lavalink.server.io.SocketServer          : {"op": "play", "guildId": "760067979919491074", "track": "QAAAeQIAFUthbnllIFdlc3QgLSBTdHJvbmdlcgAKS2FueWUgV2VzdAAAAAAABBL4AAtQc082Wm5VWkkwZwABACtodHRwczovL3d3dy55b3V0dWJlLmNvbS93YXRjaD92PVBzTzZablVaSTBnAAd5b3V0dWJlAAAAAAAAAAA=", "noReplace": false, "startTime": "0"}
2021-04-07 13:39:21.988  INFO 997 --- [XNIO-1 I/O-2] lavalink.server.io.SocketServer          : {"op": "stop", "guildId": "760067979919491074"}
2021-04-07 13:39:24.180  INFO 997 --- [XNIO-1 task-8] l.server.player.AudioLoaderRestHandler   : Got request to load for identifier "https://www.youtube.com/watch?v=E0e-Cu3OUCk"
2021-04-07 13:39:24.537  INFO 997 --- [lava-daemon-pool-info-loader-2-thread-1] lavalink.server.player.AudioLoader       : Loaded track Grand Theft Bork
2021-04-07 13:39:24.938  INFO 997 --- [XNIO-1 I/O-2] lavalink.server.io.SocketServer          : {"op": "play", "guildId": "760067979919491074", "track": "QAAAbQIAEEdyYW5kIFRoZWZ0IEJvcmsAA0FyZgAAAAAAAGWQAAtFMGUtQ3UzT1VDawABACtodHRwczovL3d3dy55b3V0dWJlLmNvbS93YXRjaD92PUUwZS1DdTNPVUNrAAd5b3V0dWJlAAAAAAAAAAA=", "noReplace": false, "startTime": "0"}
2021-04-07 13:39:29.567  INFO 997 --- [XNIO-1 task-10] l.server.player.AudioLoaderRestHandler   : Got request to load for identifier "ytsearch:stronger"
2021-04-07 13:39:30.400  INFO 997 --- [lava-daemon-pool-info-loader-2-thread-1] lavalink.server.player.AudioLoader       : Loaded playlist Search results for: stronger
2021-04-07 13:40:10.923  INFO 997 --- [XNIO-1 task-12] l.server.player.AudioLoaderRestHandler   : Got request to load for identifier "ytsearch:dance"
2021-04-07 13:40:11.656  INFO 997 --- [lava-daemon-pool-info-loader-2-thread-1] lavalink.server.player.AudioLoader       : Loaded playlist Search results for: dance
2021-04-07 13:40:12.158  INFO 997 --- [XNIO-1 I/O-2] lavalink.server.io.SocketServer          : {"op": "stop", "guildId": "760067979919491074"}
2021-04-07 13:40:13.939  INFO 997 --- [XNIO-1 task-14] l.server.player.AudioLoaderRestHandler   : Got request to load for identifier "https://www.youtube.com/watch?v=9Kb_b3uC87k"
2021-04-07 13:40:14.349  INFO 997 --- [lava-daemon-pool-info-loader-2-thread-1] lavalink.server.player.AudioLoader       : Loaded track Imagine Doggos - Thunder
2021-04-07 13:40:14.753  INFO 997 --- [XNIO-1 I/O-2] lavalink.server.io.SocketServer          : {"op": "play", "guildId": "760067979919491074", "track": "QAAAfgIAGEltYWdpbmUgRG9nZ29zIC0gVGh1bmRlcgAMUmFwaWQgTGlxdWlkAAAAAAAAw1AACzlLYl9iM3VDODdrAAEAK2h0dHBzOi8vd3d3LnlvdXR1YmUuY29tL3dhdGNoP3Y9OUtiX2IzdUM4N2sAB3lvdXR1YmUAAAAAAAAAAA==", "noReplace": false, "startTime": "0"}
2021-04-07 13:40:15.498  INFO 997 --- [XNIO-1 task-16] l.server.player.AudioLoaderRestHandler   : Got request to load for identifier "ytsearch:stronger"
2021-04-07 13:40:16.264  INFO 997 --- [lava-daemon-pool-info-loader-2-thread-1] lavalink.server.player.AudioLoader       : Loaded playlist Search results for: stronger
2021-04-07 13:40:30.314  INFO 997 --- [XNIO-1 I/O-2] lavalink.server.io.SocketServer          : {"op": "pause", "guildId": "760067979919491074", "pause": true}
2021-04-07 13:40:37.189  INFO 997 --- [XNIO-1 I/O-2] lavalink.server.io.SocketServer          : {"op": "pause", "guildId": "760067979919491074", "pause": false}
2021-04-07 13:40:55.234  INFO 997 --- [XNIO-1 task-18] l.server.player.AudioLoaderRestHandler   : Got request to load for identifier "ytsearch:stronger"
2021-04-07 13:40:56.049  INFO 997 --- [lava-daemon-pool-info-loader-2-thread-1] lavalink.server.player.AudioLoader       : Loaded playlist Search results for: stronger
2021-04-07 13:41:12.747  INFO 997 --- [XNIO-1 I/O-2] lavalink.server.io.SocketServer          : {"op": "play", "guildId": "760067979919491074", "track": "QAAAfgIAGEltYWdpbmUgRG9nZ29zIC0gVGh1bmRlcgAMUmFwaWQgTGlxdWlkAAAAAAAAw1AACzlLYl9iM3VDODdrAAEAK2h0dHBzOi8vd3d3LnlvdXR1YmUuY29tL3dhdGNoP3Y9OUtiX2IzdUM4N2sAB3lvdXR1YmUAAAAAAAAAAA==", "noReplace": false, "startTime": "0"}
2021-04-07 13:41:36.958  INFO 997 --- [XNIO-1 I/O-2] lavalink.server.io.SocketServer          : {"op": "stop", "guildId": "760067979919491074"}
2021-04-07 13:41:36.964  INFO 997 --- [XNIO-1 I/O-2] lavalink.server.io.SocketServer          : {"op": "destroy", "guildId": "760067979919491074"}
2021-04-07 13:41:53.176  INFO 997 --- [XNIO-1 I/O-2] lavalink.server.io.SocketServer          : Connection closed from /127.0.0.1:37978 -- CloseStatus[code=1006, reason=]
2021-04-07 13:41:53.178  INFO 997 --- [XNIO-1 I/O-2] lavalink.server.io.SocketContext         : Shutting down 0 playing players.
2021-04-07 13:53:16.159  INFO 997 --- [XNIO-1 task-20] l.server.io.HandshakeInterceptorImpl     : Incoming connection from /127.0.0.1:38460
2021-04-07 13:53:16.183  INFO 997 --- [XNIO-1 task-20] lavalink.server.io.SocketServer          : Connection successfully established from /127.0.0.1:38460
2021-04-07 13:53:22.699  INFO 997 --- [XNIO-1 I/O-4] lavalink.server.io.SocketServer          : {"op": "voiceUpdate", "guildId": "760067979919491074", "sessionId": "3cb899c9486df7b357435900c4a5415c", "event": {"token": "aca3fe37771d0c21", "guild_id": "760067979919491074", "endpoint": "india5676.discord.media:443"}}
2021-04-07 13:53:26.393  INFO 997 --- [XNIO-1 task-21] l.server.player.AudioLoaderRestHandler   : Got request to load for identifier "ytsearch:tell the truth 2007"
2021-04-07 13:53:27.257  INFO 997 --- [lava-daemon-pool-info-loader-2-thread-1] lavalink.server.player.AudioLoader       : Loaded playlist Search results for: tell the truth 2007
2021-04-07 13:53:33.917  INFO 997 --- [XNIO-1 I/O-4] lavalink.server.io.SocketServer          : {"op": "play", "guildId": "760067979919491074", "track": "QAAAqgIARFRlbGxpbmcgdGhlIFRydXRoIDIwMDcgICBBcG9sbG8gSnVzdGljZSAgQWNlIEF0dG9ybmV5IE11c2ljIEV4dGVuZGVkAAxPZmZpY2lhbCBWR00AAAAAABt3QAALcjh2SlpJd1ppcEUAAQAraHR0cHM6Ly93d3cueW91dHViZS5jb20vd2F0Y2g/dj1yOHZKWkl3WmlwRQAHeW91dHViZQAAAAAAAAAA", "noReplace": false, "startTime": "0"}
2021-04-07 13:54:01.868  INFO 997 --- [XNIO-1 I/O-4] lavalink.server.io.SocketServer          : {"op": "stop", "guildId": "760067979919491074"}
2021-04-07 13:54:01.874  INFO 997 --- [XNIO-1 I/O-4] lavalink.server.io.SocketServer          : {"op": "destroy", "guildId": "760067979919491074"}
2021-04-07 13:54:23.702  INFO 997 --- [XNIO-1 I/O-4] lavalink.server.io.SocketServer          : Connection closed from /127.0.0.1:38460 -- CloseStatus[code=1006, reason=]
2021-04-07 13:54:23.703  INFO 997 --- [XNIO-1 I/O-4] lavalink.server.io.SocketContext         : Shutting down 0 playing players.
2021-04-07 13:54:31.905  INFO 997 --- [Thread-1] o.s.s.concurrent.ThreadPoolTaskExecutor  : Shutting down ExecutorService 'applicationTaskExecutor'
2021-04-07 13:54:31.984  INFO 997 --- [Thread-1] c.s.d.l.tools.GarbageCollectionMonitor   : GC monitoring disabled.
2021-04-07 13:54:32.048  INFO 997 --- [Thread-1] io.undertow.servlet                      : Destroying Spring FrameworkServlet 'dispatcherServlet'
